<?xml version="1.0" encoding="UTF-8"?>
<!-- Generated by org.testng.reporters.JUnitReportReporter -->
<testsuite skipped="0" hostname="sys" name="com.NewTours.testscripts.NewTest" tests="3" failures="0" timestamp="09 May 2020 01:07:48 GMT" time="12.429" errors="0">
  <testcase name="Login" time="6.929" classname="com.NewTours.testscripts.NewTest"/>
  <testcase name="BookingFlight" time="5.292" classname="com.NewTours.testscripts.NewTest"/>
  <testcase name="ConfirmMessageCheck" time="0.208" classname="com.NewTours.testscripts.NewTest"/>
</testsuite> <!-- com.NewTours.testscripts.NewTest -->
